<?xml version="1.0" encoding="UTF-8" ?>
<testsuite tests="1" failures="0" name="demotest.RunCucumberTest" time="5.298" errors="1" skipped="0">
  <properties>
[...]
</properties>
  <testcase classname="Search for t-shirts" name="search for camiseta" time="5.298">
    <error type="java.lang.NullPointerException">java.lang.NullPointerException
	at pages.HomePage.searchFor(HomePage.java:15)
	at demotest.HomePageSteps.searchForItem(HomePageSteps.java:31)
	at ✽.I search for &quot;camiseta&quot;(classpath:demotest/search-itens.feature:6)
</error>
    <system-out>
Scenario: search for camiseta                 &amp;#27;[90m# demotest/search-itens.feature:4&amp;#27;[0m
  &amp;#27;[32mGiven &amp;#27;[0m&amp;#27;[32mIm in the home page&amp;#27;[0m                   &amp;#27;[90m# demotest.HomePageSteps.navigateToHomePage()&amp;#27;[0m
  &amp;#27;[31mWhen &amp;#27;[0m&amp;#27;[31mI search for &amp;#27;[0m&amp;#27;[31m&amp;#27;[1m&quot;camiseta&quot;&amp;#27;[0m                &amp;#27;[90m# demotest.HomePageSteps.searchForItem(java.lang.String)&amp;#27;[0m
      &amp;#27;[31mjava.lang.NullPointerException
	at pages.HomePage.searchFor(HomePage.java:15)
	at demotest.HomePageSteps.searchForItem(HomePageSteps.java:31)
	at ✽.I search for &quot;camiseta&quot;(classpath:demotest/search-itens.feature:6)
&amp;#27;[0m
  &amp;#27;[36mThen &amp;#27;[0m&amp;#27;[36mI should see no results for &amp;#27;[0m&amp;#27;[36m&amp;#27;[1m&quot;camiseta&quot;&amp;#27;[0m &amp;#27;[90m# demotest.HomePageSteps.IshouldntSeeItem(java.lang.String)&amp;#27;[0m
</system-out>
    <system-err>Starting ChromeDriver 94.0.4606.61 (418b78f5838ed0b1c69bb4e51ea0252171854915-refs/branch-heads/4606@{#1204}) on port 30865
Only local connections are allowed.
Please see https://chromedriver.chromium.org/security-considerations for suggestions on keeping ChromeDriver safe.
ChromeDriver was started successfully.
Oct 07, 2021 12:28:51 AM org.openqa.selenium.remote.ProtocolHandshake createSession
INFO: Detected dialect: W3C
</system-err>
  </testcase>
</testsuite>